<?xml version="1.0" encoding="UTF-8"?>
<testsuite xmlns:xsi="http://www.w3.org/2001/XMLSchema-instance" xsi:noNamespaceSchemaLocation="https://maven.apache.org/surefire/maven-surefire-plugin/xsd/surefire-test-report.xsd" name="pe.gob.indecopi.appDSDRegMarcas.AppTest" time="0.215" tests="1" errors="0" skipped="0" failures="0">
  <properties>
    <property name="sun.desktop" value="windows"/>
    <property name="awt.toolkit" value="sun.awt.windows.WToolkit"/>
    <property name="file.encoding.pkg" value="sun.io"/>
    <property name="java.specification.version" value="1.8"/>
    <property name="sun.cpu.isalist" value="amd64"/>
    <property name="sun.jnu.encoding" value="Cp1252"/>
    <property name="java.class.path" value="D:\2022\INDECOPI\SPRING\appDSDExpCons\target\test-classes;D:\2022\INDECOPI\SPRING\appDSDExpCons\target\classes;C:\Users\Tito Salinas\.m2\repository\org\springframework\boot\spring-boot-starter-tomcat\2.0.6.RELEASE\spring-boot-starter-tomcat-2.0.6.RELEASE.jar;C:\Users\Tito Salinas\.m2\repository\javax\annotation\javax.annotation-api\1.3.2\javax.annotation-api-1.3.2.jar;C:\Users\Tito Salinas\.m2\repository\org\apache\tomcat\embed\tomcat-embed-core\8.5.34\tomcat-embed-core-8.5.34.jar;C:\Users\Tito Salinas\.m2\repository\org\apache\tomcat\embed\tomcat-embed-el\8.5.34\tomcat-embed-el-8.5.34.jar;C:\Users\Tito Salinas\.m2\repository\org\apache\tomcat\embed\tomcat-embed-websocket\8.5.34\tomcat-embed-websocket-8.5.34.jar;C:\Users\Tito Salinas\.m2\repository\pe\gob\indecopi\libComponentesMVN\1.0.0.2\libComponentesMVN-1.0.0.2-classes.jar;C:\Users\Tito Salinas\.m2\repository\batik\batik-awt-util\1.6-1\batik-awt-util-1.6-1.jar;C:\Users\Tito Salinas\.m2\repository\batik\batik-ext\1.6-1\batik-ext-1.6-1.jar;C:\Users\Tito Salinas\.m2\repository\xml-apis\xmlParserAPIs\2.0.2\xmlParserAPIs-2.0.2.jar;C:\Users\Tito Salinas\.m2\repository\batik\batik-util\1.6-1\batik-util-1.6-1.jar;C:\Users\Tito Salinas\.m2\repository\batik\batik-gui-util\1.6-1\batik-gui-util-1.6-1.jar;C:\Users\Tito Salinas\.m2\repository\bouncycastle\bcmail-jdk14\136\bcmail-jdk14-136.jar;C:\Users\Tito Salinas\.m2\repository\bouncycastle\bcprov-jdk14\136\bcprov-jdk14-136.jar;C:\Users\Tito Salinas\.m2\repository\org\apache\chemistry\opencmis\chemistry-opencmis-client-api\0.11.0\chemistry-opencmis-client-api-0.11.0.jar;C:\Users\Tito Salinas\.m2\repository\fr\opensagres\xdocreport\fr.opensagres.poi.xwpf.converter.pdf\2.0.1\fr.opensagres.poi.xwpf.converter.pdf-2.0.1.jar;C:\Users\Tito Salinas\.m2\repository\fr\opensagres\xdocreport\fr.opensagres.poi.xwpf.converter.core\2.0.1\fr.opensagres.poi.xwpf.converter.core-2.0.1.jar;C:\Users\Tito Salinas\.m2\repository\fr\opensagres\xdocreport\fr.opensagres.poi.xwpf.converter.xhtml\2.0.1\fr.opensagres.poi.xwpf.converter.xhtml-2.0.1.jar;C:\Users\Tito Salinas\.m2\repository\fr\opensagres\xdocreport\fr.opensagres.xdocreport.core\2.0.1\fr.opensagres.xdocreport.core-2.0.1.jar;C:\Users\Tito Salinas\.m2\repository\fr\opensagres\xdocreport\fr.opensagres.xdocreport.converter.docx.xwpf\2.0.1\fr.opensagres.xdocreport.converter.docx.xwpf-2.0.1.jar;C:\Users\Tito Salinas\.m2\repository\fr\opensagres\xdocreport\fr.opensagres.xdocreport.converter\2.0.1\fr.opensagres.xdocreport.converter-2.0.1.jar;C:\Users\Tito Salinas\.m2\repository\fr\opensagres\xdocreport\fr.opensagres.xdocreport.itext.extension\2.0.1\fr.opensagres.xdocreport.itext.extension-2.0.1.jar;C:\Users\Tito Salinas\.m2\repository\com\itextpdf\html2pdf\2.0.2\html2pdf-2.0.2.jar;C:\Users\Tito Salinas\.m2\repository\com\itextpdf\forms\7.1.2\forms-7.1.2.jar;C:\Users\Tito Salinas\.m2\repository\com\lowagie\itext\2.1.7\itext-2.1.7.jar;C:\Users\Tito Salinas\.m2\repository\org\bouncycastle\bctsp-jdk14\1.38\bctsp-jdk14-1.38.jar;C:\Users\Tito Salinas\.m2\repository\com\itextpdf\itextpdf\5.0.6\itextpdf-5.0.6.jar;C:\Users\Tito Salinas\.m2\repository\org\bouncycastle\bcmail-jdk14\1.38\bcmail-jdk14-1.38.jar;C:\Users\Tito Salinas\.m2\repository\org\bouncycastle\bcprov-jdk14\1.38\bcprov-jdk14-1.38.jar;C:\Users\Tito Salinas\.m2\repository\org\json\json\20140107\json-20140107.jar;C:\Users\Tito Salinas\.m2\repository\javassist\javassist\3.6.0.GA\javassist-3.6.0.GA.jar;C:\Users\Tito Salinas\.m2\repository\org\eclipse\jetty\orbit\javax.servlet\3.0.0.v201112011016\javax.servlet-3.0.0.v201112011016.jar;C:\Users\Tito Salinas\.m2\repository\org\samba\jcifs\jcifs\1.2.9\jcifs-1.2.9.jar;C:\Users\Tito Salinas\.m2\repository\jfree\jcommon\1.0.16\jcommon-1.0.16.jar;C:\Users\Tito Salinas\.m2\repository\net\sourceforge\jexcelapi\jxl\2.6\jxl-2.6.jar;C:\Users\Tito Salinas\.m2\repository\com\itextpdf\kernel\7.1.2\kernel-7.1.2.jar;C:\Users\Tito Salinas\.m2\repository\com\itextpdf\layout\7.1.2\layout-7.1.2.jar;C:\Users\Tito Salinas\.m2\repository\org\apache\poi\ooxml-schemas\1.1\ooxml-schemas-1.1.jar;C:\Users\Tito Salinas\.m2\repository\fr\opensagres\xdocreport\org.apache.poi.xwpf.converter.core\1.0.4\org.apache.poi.xwpf.converter.core-1.0.4.jar;C:\Users\Tito Salinas\.m2\repository\fr\opensagres\xdocreport\org.apache.poi.xwpf.converter.pdf\1.0.4\org.apache.poi.xwpf.converter.pdf-1.0.4.jar;C:\Users\Tito Salinas\.m2\repository\fr\opensagres\xdocreport\org.apache.poi.xwpf.converter.xhtml\1.0.0\org.apache.poi.xwpf.converter.xhtml-1.0.0.jar;C:\Users\Tito Salinas\.m2\repository\org\apache\poi\poi-ooxml\4.1.1\poi-ooxml-4.1.1.jar;C:\Users\Tito Salinas\.m2\repository\org\apache\commons\commons-compress\1.19\commons-compress-1.19.jar;C:\Users\Tito Salinas\.m2\repository\com\github\virtuald\curvesapi\1.06\curvesapi-1.06.jar;C:\Users\Tito Salinas\.m2\repository\org\apache\poi\poi-ooxml-schemas\3.13\poi-ooxml-schemas-3.13.jar;C:\Users\Tito Salinas\.m2\repository\org\apache\poi\poi-scratchpad\3.13\poi-scratchpad-3.13.jar;C:\Users\Tito Salinas\.m2\repository\stax\stax-api\1.0.1\stax-api-1.0.1.jar;C:\Users\Tito Salinas\.m2\repository\xml-apis\xml-apis\1.4.01\xml-apis-1.4.01.jar;C:\Users\Tito Salinas\.m2\repository\org\apache\xmlbeans\xmlbeans\3.1.0\xmlbeans-3.1.0.jar;C:\Users\Tito Salinas\.m2\repository\xerces\xmlParserAPIs\2.0.2\xmlParserAPIs-2.0.2.jar;C:\Users\Tito Salinas\.m2\repository\org\zeroturnaround\zt-exec\1.10\zt-exec-1.10.jar;C:\Users\Tito Salinas\.m2\repository\org\apache\batik\batik-gui-util\1.6.1\batik-gui-util-1.6.1.jar;C:\Users\Tito Salinas\.m2\repository\com\itextpdf\io\7.1.2\io-7.1.2.jar;C:\Users\Tito Salinas\.m2\repository\org\apache\poi\poi\4.1.1\poi-4.1.1.jar;C:\Users\Tito Salinas\.m2\repository\commons-codec\commons-codec\1.11\commons-codec-1.11.jar;C:\Users\Tito Salinas\.m2\repository\org\apache\commons\commons-collections4\4.4\commons-collections4-4.4.jar;C:\Users\Tito Salinas\.m2\repository\org\apache\commons\commons-math3\3.6.1\commons-math3-3.6.1.jar;C:\Users\Tito Salinas\.m2\repository\jasperreports\jasperreports\3.5.3\jasperreports-3.5.3.jar;C:\Users\Tito Salinas\.m2\repository\jfree\jfreechart\1.0.12\jfreechart-1.0.12.jar;C:\Users\Tito Salinas\.m2\repository\eclipse\jdtcore\3.1.0\jdtcore-3.1.0.jar;C:\Users\Tito Salinas\.m2\repository\net\sf\jasperreports\jasperreports-fonts\6.17.0\jasperreports-fonts-6.17.0.jar;C:\Users\Tito Salinas\.m2\repository\org\springframework\boot\spring-boot-starter-cache\2.0.6.RELEASE\spring-boot-starter-cache-2.0.6.RELEASE.jar;C:\Users\Tito Salinas\.m2\repository\org\springframework\boot\spring-boot-starter\2.0.6.RELEASE\spring-boot-starter-2.0.6.RELEASE.jar;C:\Users\Tito Salinas\.m2\repository\org\springframework\boot\spring-boot\2.0.6.RELEASE\spring-boot-2.0.6.RELEASE.jar;C:\Users\Tito Salinas\.m2\repository\org\springframework\boot\spring-boot-autoconfigure\2.0.6.RELEASE\spring-boot-autoconfigure-2.0.6.RELEASE.jar;C:\Users\Tito Salinas\.m2\repository\org\springframework\boot\spring-boot-starter-logging\2.0.6.RELEASE\spring-boot-starter-logging-2.0.6.RELEASE.jar;C:\Users\Tito Salinas\.m2\repository\ch\qos\logback\logback-classic\1.2.3\logback-classic-1.2.3.jar;C:\Users\Tito Salinas\.m2\repository\ch\qos\logback\logback-core\1.2.3\logback-core-1.2.3.jar;C:\Users\Tito Salinas\.m2\repository\org\apache\logging\log4j\log4j-to-slf4j\2.10.0\log4j-to-slf4j-2.10.0.jar;C:\Users\Tito Salinas\.m2\repository\org\apache\logging\log4j\log4j-api\2.10.0\log4j-api-2.10.0.jar;C:\Users\Tito Salinas\.m2\repository\org\slf4j\jul-to-slf4j\1.7.25\jul-to-slf4j-1.7.25.jar;C:\Users\Tito Salinas\.m2\repository\org\yaml\snakeyaml\1.19\snakeyaml-1.19.jar;C:\Users\Tito Salinas\.m2\repository\org\springframework\spring-context\5.0.10.RELEASE\spring-context-5.0.10.RELEASE.jar;C:\Users\Tito Salinas\.m2\repository\org\springframework\spring-expression\5.0.10.RELEASE\spring-expression-5.0.10.RELEASE.jar;C:\Users\Tito Salinas\.m2\repository\org\springframework\spring-context-support\5.0.10.RELEASE\spring-context-support-5.0.10.RELEASE.jar;C:\Users\Tito Salinas\.m2\repository\org\springframework\boot\spring-boot-starter-aop\2.0.6.RELEASE\spring-boot-starter-aop-2.0.6.RELEASE.jar;C:\Users\Tito Salinas\.m2\repository\org\springframework\spring-aop\5.0.10.RELEASE\spring-aop-5.0.10.RELEASE.jar;C:\Users\Tito Salinas\.m2\repository\org\aspectj\aspectjweaver\1.8.13\aspectjweaver-1.8.13.jar;C:\Users\Tito Salinas\.m2\repository\org\springframework\boot\spring-boot-starter-web\2.0.6.RELEASE\spring-boot-starter-web-2.0.6.RELEASE.jar;C:\Users\Tito Salinas\.m2\repository\org\springframework\boot\spring-boot-starter-json\2.0.6.RELEASE\spring-boot-starter-json-2.0.6.RELEASE.jar;C:\Users\Tito Salinas\.m2\repository\com\fasterxml\jackson\datatype\jackson-datatype-jdk8\2.9.7\jackson-datatype-jdk8-2.9.7.jar;C:\Users\Tito Salinas\.m2\repository\com\fasterxml\jackson\module\jackson-module-parameter-names\2.9.7\jackson-module-parameter-names-2.9.7.jar;C:\Users\Tito Salinas\.m2\repository\org\hibernate\validator\hibernate-validator\6.0.13.Final\hibernate-validator-6.0.13.Final.jar;C:\Users\Tito Salinas\.m2\repository\javax\validation\validation-api\2.0.1.Final\validation-api-2.0.1.Final.jar;C:\Users\Tito Salinas\.m2\repository\org\jboss\logging\jboss-logging\3.3.2.Final\jboss-logging-3.3.2.Final.jar;C:\Users\Tito Salinas\.m2\repository\org\springframework\spring-web\5.0.10.RELEASE\spring-web-5.0.10.RELEASE.jar;C:\Users\Tito Salinas\.m2\repository\org\springframework\spring-webmvc\5.0.10.RELEASE\spring-webmvc-5.0.10.RELEASE.jar;C:\Users\Tito Salinas\.m2\repository\org\springframework\boot\spring-boot-starter-jdbc\2.0.6.RELEASE\spring-boot-starter-jdbc-2.0.6.RELEASE.jar;C:\Users\Tito Salinas\.m2\repository\com\zaxxer\HikariCP\2.7.9\HikariCP-2.7.9.jar;C:\Users\Tito Salinas\.m2\repository\org\springframework\spring-jdbc\5.0.10.RELEASE\spring-jdbc-5.0.10.RELEASE.jar;C:\Users\Tito Salinas\.m2\repository\com\fasterxml\jackson\datatype\jackson-datatype-jsr310\2.9.7\jackson-datatype-jsr310-2.9.7.jar;C:\Users\Tito Salinas\.m2\repository\com\fasterxml\jackson\core\jackson-annotations\2.9.0\jackson-annotations-2.9.0.jar;C:\Users\Tito Salinas\.m2\repository\com\fasterxml\jackson\core\jackson-core\2.9.7\jackson-core-2.9.7.jar;C:\Users\Tito Salinas\.m2\repository\com\fasterxml\jackson\core\jackson-databind\2.9.7\jackson-databind-2.9.7.jar;C:\Users\Tito Salinas\.m2\repository\org\springframework\boot\spring-boot-starter-test\2.0.6.RELEASE\spring-boot-starter-test-2.0.6.RELEASE.jar;C:\Users\Tito Salinas\.m2\repository\org\springframework\boot\spring-boot-test\2.0.6.RELEASE\spring-boot-test-2.0.6.RELEASE.jar;C:\Users\Tito Salinas\.m2\repository\org\springframework\boot\spring-boot-test-autoconfigure\2.0.6.RELEASE\spring-boot-test-autoconfigure-2.0.6.RELEASE.jar;C:\Users\Tito Salinas\.m2\repository\com\jayway\jsonpath\json-path\2.4.0\json-path-2.4.0.jar;C:\Users\Tito Salinas\.m2\repository\net\minidev\json-smart\2.3\json-smart-2.3.jar;C:\Users\Tito Salinas\.m2\repository\net\minidev\accessors-smart\1.2\accessors-smart-1.2.jar;C:\Users\Tito Salinas\.m2\repository\org\ow2\asm\asm\5.0.4\asm-5.0.4.jar;C:\Users\Tito Salinas\.m2\repository\org\assertj\assertj-core\3.9.1\assertj-core-3.9.1.jar;C:\Users\Tito Salinas\.m2\repository\org\mockito\mockito-core\2.15.0\mockito-core-2.15.0.jar;C:\Users\Tito Salinas\.m2\repository\net\bytebuddy\byte-buddy\1.7.11\byte-buddy-1.7.11.jar;C:\Users\Tito Salinas\.m2\repository\net\bytebuddy\byte-buddy-agent\1.7.11\byte-buddy-agent-1.7.11.jar;C:\Users\Tito Salinas\.m2\repository\org\objenesis\objenesis\2.6\objenesis-2.6.jar;C:\Users\Tito Salinas\.m2\repository\org\hamcrest\hamcrest-core\1.3\hamcrest-core-1.3.jar;C:\Users\Tito Salinas\.m2\repository\org\hamcrest\hamcrest-library\1.3\hamcrest-library-1.3.jar;C:\Users\Tito Salinas\.m2\repository\org\skyscreamer\jsonassert\1.5.0\jsonassert-1.5.0.jar;C:\Users\Tito Salinas\.m2\repository\com\vaadin\external\google\android-json\0.0.20131108.vaadin1\android-json-0.0.20131108.vaadin1.jar;C:\Users\Tito Salinas\.m2\repository\org\springframework\spring-core\5.0.10.RELEASE\spring-core-5.0.10.RELEASE.jar;C:\Users\Tito Salinas\.m2\repository\org\springframework\spring-jcl\5.0.10.RELEASE\spring-jcl-5.0.10.RELEASE.jar;C:\Users\Tito Salinas\.m2\repository\org\springframework\spring-test\5.0.10.RELEASE\spring-test-5.0.10.RELEASE.jar;C:\Users\Tito Salinas\.m2\repository\org\xmlunit\xmlunit-core\2.5.1\xmlunit-core-2.5.1.jar;C:\Users\Tito Salinas\.m2\repository\org\springframework\boot\spring-boot-starter-hateoas\2.0.6.RELEASE\spring-boot-starter-hateoas-2.0.6.RELEASE.jar;C:\Users\Tito Salinas\.m2\repository\org\springframework\hateoas\spring-hateoas\0.25.0.RELEASE\spring-hateoas-0.25.0.RELEASE.jar;C:\Users\Tito Salinas\.m2\repository\org\springframework\plugin\spring-plugin-core\1.2.0.RELEASE\spring-plugin-core-1.2.0.RELEASE.jar;C:\Users\Tito Salinas\.m2\repository\org\springframework\boot\spring-boot-starter-actuator\2.0.6.RELEASE\spring-boot-starter-actuator-2.0.6.RELEASE.jar;C:\Users\Tito Salinas\.m2\repository\org\springframework\boot\spring-boot-actuator-autoconfigure\2.0.6.RELEASE\spring-boot-actuator-autoconfigure-2.0.6.RELEASE.jar;C:\Users\Tito Salinas\.m2\repository\org\springframework\boot\spring-boot-actuator\2.0.6.RELEASE\spring-boot-actuator-2.0.6.RELEASE.jar;C:\Users\Tito Salinas\.m2\repository\io\micrometer\micrometer-core\1.0.7\micrometer-core-1.0.7.jar;C:\Users\Tito Salinas\.m2\repository\org\hdrhistogram\HdrHistogram\2.1.10\HdrHistogram-2.1.10.jar;C:\Users\Tito Salinas\.m2\repository\org\latencyutils\LatencyUtils\2.0.3\LatencyUtils-2.0.3.jar;C:\Users\Tito Salinas\.m2\repository\org\apache\tomcat\embed\tomcat-embed-jasper\8.5.34\tomcat-embed-jasper-8.5.34.jar;C:\Users\Tito Salinas\.m2\repository\org\eclipse\jdt\ecj\3.12.3\ecj-3.12.3.jar;C:\Users\Tito Salinas\.m2\repository\net\coobird\thumbnailator\0.4.8\thumbnailator-0.4.8.jar;C:\Users\Tito Salinas\.m2\repository\com\github\slugify\slugify\2.1.9\slugify-2.1.9.jar;C:\Users\Tito Salinas\.m2\repository\joda-time\joda-time\2.9.9\joda-time-2.9.9.jar;C:\Users\Tito Salinas\.m2\repository\com\fasterxml\jackson\datatype\jackson-datatype-joda\2.9.7\jackson-datatype-joda-2.9.7.jar;C:\Users\Tito Salinas\.m2\repository\com\fasterxml\jackson\dataformat\jackson-dataformat-csv\2.9.7\jackson-dataformat-csv-2.9.7.jar;C:\Users\Tito Salinas\.m2\repository\commons-validator\commons-validator\1.6\commons-validator-1.6.jar;C:\Users\Tito Salinas\.m2\repository\commons-beanutils\commons-beanutils\1.9.2\commons-beanutils-1.9.2.jar;C:\Users\Tito Salinas\.m2\repository\commons-digester\commons-digester\1.8.1\commons-digester-1.8.1.jar;C:\Users\Tito Salinas\.m2\repository\commons-logging\commons-logging\1.2\commons-logging-1.2.jar;C:\Users\Tito Salinas\.m2\repository\commons-collections\commons-collections\3.2.2\commons-collections-3.2.2.jar;C:\Users\Tito Salinas\.m2\repository\javax\cache\cache-api\1.1.0\cache-api-1.1.0.jar;C:\Users\Tito Salinas\.m2\repository\org\ehcache\ehcache\3.5.3\ehcache-3.5.3.jar;C:\Users\Tito Salinas\.m2\repository\org\slf4j\slf4j-api\1.7.25\slf4j-api-1.7.25.jar;C:\Users\Tito Salinas\.m2\repository\javax\servlet\servlet-api\2.5\servlet-api-2.5.jar;C:\Users\Tito Salinas\.m2\repository\com\oracle\ojdbc7\12.1.0.2\ojdbc7-12.1.0.2.jar;C:\Users\Tito Salinas\.m2\repository\junit\junit\4.12\junit-4.12.jar;C:\Users\Tito Salinas\.m2\repository\commons-io\commons-io\2.5\commons-io-2.5.jar;C:\Users\Tito Salinas\.m2\repository\org\springframework\data\spring-data-oracle\1.2.1.RELEASE\spring-data-oracle-1.2.1.RELEASE.jar;C:\Users\Tito Salinas\.m2\repository\org\springframework\data\spring-data-jdbc-core\1.2.1.RELEASE\spring-data-jdbc-core-1.2.1.RELEASE.jar;C:\Users\Tito Salinas\.m2\repository\org\springframework\spring-tx\5.0.10.RELEASE\spring-tx-5.0.10.RELEASE.jar;C:\Users\Tito Salinas\.m2\repository\org\springframework\spring-beans\5.0.10.RELEASE\spring-beans-5.0.10.RELEASE.jar;C:\Users\Tito Salinas\.m2\repository\org\springframework\retry\spring-retry\1.2.2.RELEASE\spring-retry-1.2.2.RELEASE.jar;C:\Users\Tito Salinas\.m2\repository\log4j\log4j\1.2.17\log4j-1.2.17.jar;C:\Users\Tito Salinas\.m2\repository\org\projectlombok\lombok\1.16.22\lombok-1.16.22.jar;C:\Users\Tito Salinas\.m2\repository\org\apache\commons\commons-lang3\3.5\commons-lang3-3.5.jar;C:\Users\Tito Salinas\.m2\repository\io\springfox\springfox-swagger2\2.9.2\springfox-swagger2-2.9.2.jar;C:\Users\Tito Salinas\.m2\repository\io\swagger\swagger-annotations\1.5.20\swagger-annotations-1.5.20.jar;C:\Users\Tito Salinas\.m2\repository\io\swagger\swagger-models\1.5.20\swagger-models-1.5.20.jar;C:\Users\Tito Salinas\.m2\repository\io\springfox\springfox-spi\2.9.2\springfox-spi-2.9.2.jar;C:\Users\Tito Salinas\.m2\repository\io\springfox\springfox-core\2.9.2\springfox-core-2.9.2.jar;C:\Users\Tito Salinas\.m2\repository\io\springfox\springfox-schema\2.9.2\springfox-schema-2.9.2.jar;C:\Users\Tito Salinas\.m2\repository\io\springfox\springfox-swagger-common\2.9.2\springfox-swagger-common-2.9.2.jar;C:\Users\Tito Salinas\.m2\repository\io\springfox\springfox-spring-web\2.9.2\springfox-spring-web-2.9.2.jar;C:\Users\Tito Salinas\.m2\repository\com\google\guava\guava\20.0\guava-20.0.jar;C:\Users\Tito Salinas\.m2\repository\com\fasterxml\classmate\1.3.4\classmate-1.3.4.jar;C:\Users\Tito Salinas\.m2\repository\org\springframework\plugin\spring-plugin-metadata\1.2.0.RELEASE\spring-plugin-metadata-1.2.0.RELEASE.jar;C:\Users\Tito Salinas\.m2\repository\org\mapstruct\mapstruct\1.2.0.Final\mapstruct-1.2.0.Final.jar;C:\Users\Tito Salinas\.m2\repository\io\jsonwebtoken\jjwt\0.9.1\jjwt-0.9.1.jar;C:\Users\Tito Salinas\.m2\repository\com\google\code\gson\gson\2.8.5\gson-2.8.5.jar;C:\Users\Tito Salinas\.m2\repository\javax\javaee-api\7.0\javaee-api-7.0.jar;C:\Users\Tito Salinas\.m2\repository\com\sun\mail\javax.mail\1.6.2\javax.mail-1.6.2.jar;C:\Users\Tito Salinas\.m2\repository\javax\activation\activation\1.1\activation-1.1.jar;C:\Users\Tito Salinas\.m2\repository\pe\gob\indecopi\libComponentesCMIS\1.0.0.0\libComponentesCMIS-1.0.0.0-classes.jar;C:\Users\Tito Salinas\.m2\repository\org\apache\chemistry\opencmis\chemistry-opencmis-commons-impl\0.11.0\chemistry-opencmis-commons-impl-0.11.0.jar;C:\Users\Tito Salinas\.m2\repository\org\codehaus\woodstox\woodstox-core-asl\4.2.0\woodstox-core-asl-4.2.0.jar;C:\Users\Tito Salinas\.m2\repository\javax\xml\stream\stax-api\1.0-2\stax-api-1.0-2.jar;C:\Users\Tito Salinas\.m2\repository\org\codehaus\woodstox\stax2-api\3.1.1\stax2-api-3.1.1.jar;C:\Users\Tito Salinas\.m2\repository\org\jvnet\mimepull\mimepull\1.9.4\mimepull-1.9.4.jar;C:\Users\Tito Salinas\.m2\repository\com\sun\xml\ws\jaxws-rt\2.1.7\jaxws-rt-2.1.7.jar;C:\Users\Tito Salinas\.m2\repository\javax\xml\ws\jaxws-api\2.1\jaxws-api-2.1.jar;C:\Users\Tito Salinas\.m2\repository\javax\xml\bind\jaxb-api\2.3.1\jaxb-api-2.3.1.jar;C:\Users\Tito Salinas\.m2\repository\javax\activation\javax.activation-api\1.2.0\javax.activation-api-1.2.0.jar;C:\Users\Tito Salinas\.m2\repository\com\sun\xml\bind\jaxb-impl\2.1.11\jaxb-impl-2.1.11.jar;C:\Users\Tito Salinas\.m2\repository\com\sun\xml\messaging\saaj\saaj-impl\1.3.3\saaj-impl-1.3.3.jar;C:\Users\Tito Salinas\.m2\repository\javax\xml\soap\saaj-api\1.3\saaj-api-1.3.jar;C:\Users\Tito Salinas\.m2\repository\com\sun\xml\stream\buffer\streambuffer\0.9\streambuffer-0.9.jar;C:\Users\Tito Salinas\.m2\repository\org\jvnet\staxex\stax-ex\1.2\stax-ex-1.2.jar;C:\Users\Tito Salinas\.m2\repository\com\sun\org\apache\xml\internal\resolver\20050927\resolver-20050927.jar;C:\Users\Tito Salinas\.m2\repository\org\apache\chemistry\opencmis\chemistry-opencmis-commons-api\0.11.0\chemistry-opencmis-commons-api-0.11.0.jar;C:\Users\Tito Salinas\.m2\repository\org\apache\chemistry\opencmis\chemistry-opencmis-client-impl\0.11.0\chemistry-opencmis-client-impl-0.11.0.jar;C:\Users\Tito Salinas\.m2\repository\org\apache\chemistry\opencmis\chemistry-opencmis-client-bindings\0.11.0\chemistry-opencmis-client-bindings-0.11.0.jar;C:\Users\Tito Salinas\.m2\repository\org\alfresco\alfresco-web-service-client\4.0.d\alfresco-web-service-client-4.0.d.jar;"/>
    <property name="java.vm.vendor" value="Oracle Corporation"/>
    <property name="sun.arch.data.model" value="64"/>
    <property name="user.variant" value=""/>
    <property name="java.vendor.url" value="http://java.oracle.com/"/>
    <property name="user.timezone" value=""/>
    <property name="java.vm.specification.version" value="1.8"/>
    <property name="os.name" value="Windows 10"/>
    <property name="user.country" value="ES"/>
    <property name="sun.java.launcher" value="SUN_STANDARD"/>
    <property name="sun.boot.library.path" value="C:\Program Files\Java\jdk1.8.0_281\jre\bin"/>
    <property name="sun.java.command" value="C:\Users\TITOSA~1\AppData\Local\Temp\surefire427525676621426560\surefirebooter6252385688596171699.jar C:\Users\Tito Salinas\AppData\Local\Temp\surefire427525676621426560 2022-04-30T15-39-03_134-jvmRun1 surefire386425667774863508tmp surefire_06580665847828128901tmp"/>
    <property name="surefire.test.class.path" value="D:\2022\INDECOPI\SPRING\appDSDExpCons\target\test-classes;D:\2022\INDECOPI\SPRING\appDSDExpCons\target\classes;C:\Users\Tito Salinas\.m2\repository\org\springframework\boot\spring-boot-starter-tomcat\2.0.6.RELEASE\spring-boot-starter-tomcat-2.0.6.RELEASE.jar;C:\Users\Tito Salinas\.m2\repository\javax\annotation\javax.annotation-api\1.3.2\javax.annotation-api-1.3.2.jar;C:\Users\Tito Salinas\.m2\repository\org\apache\tomcat\embed\tomcat-embed-core\8.5.34\tomcat-embed-core-8.5.34.jar;C:\Users\Tito Salinas\.m2\repository\org\apache\tomcat\embed\tomcat-embed-el\8.5.34\tomcat-embed-el-8.5.34.jar;C:\Users\Tito Salinas\.m2\repository\org\apache\tomcat\embed\tomcat-embed-websocket\8.5.34\tomcat-embed-websocket-8.5.34.jar;C:\Users\Tito Salinas\.m2\repository\pe\gob\indecopi\libComponentesMVN\1.0.0.2\libComponentesMVN-1.0.0.2-classes.jar;C:\Users\Tito Salinas\.m2\repository\batik\batik-awt-util\1.6-1\batik-awt-util-1.6-1.jar;C:\Users\Tito Salinas\.m2\repository\batik\batik-ext\1.6-1\batik-ext-1.6-1.jar;C:\Users\Tito Salinas\.m2\repository\xml-apis\xmlParserAPIs\2.0.2\xmlParserAPIs-2.0.2.jar;C:\Users\Tito Salinas\.m2\repository\batik\batik-util\1.6-1\batik-util-1.6-1.jar;C:\Users\Tito Salinas\.m2\repository\batik\batik-gui-util\1.6-1\batik-gui-util-1.6-1.jar;C:\Users\Tito Salinas\.m2\repository\bouncycastle\bcmail-jdk14\136\bcmail-jdk14-136.jar;C:\Users\Tito Salinas\.m2\repository\bouncycastle\bcprov-jdk14\136\bcprov-jdk14-136.jar;C:\Users\Tito Salinas\.m2\repository\org\apache\chemistry\opencmis\chemistry-opencmis-client-api\0.11.0\chemistry-opencmis-client-api-0.11.0.jar;C:\Users\Tito Salinas\.m2\repository\fr\opensagres\xdocreport\fr.opensagres.poi.xwpf.converter.pdf\2.0.1\fr.opensagres.poi.xwpf.converter.pdf-2.0.1.jar;C:\Users\Tito Salinas\.m2\repository\fr\opensagres\xdocreport\fr.opensagres.poi.xwpf.converter.core\2.0.1\fr.opensagres.poi.xwpf.converter.core-2.0.1.jar;C:\Users\Tito Salinas\.m2\repository\fr\opensagres\xdocreport\fr.opensagres.poi.xwpf.converter.xhtml\2.0.1\fr.opensagres.poi.xwpf.converter.xhtml-2.0.1.jar;C:\Users\Tito Salinas\.m2\repository\fr\opensagres\xdocreport\fr.opensagres.xdocreport.core\2.0.1\fr.opensagres.xdocreport.core-2.0.1.jar;C:\Users\Tito Salinas\.m2\repository\fr\opensagres\xdocreport\fr.opensagres.xdocreport.converter.docx.xwpf\2.0.1\fr.opensagres.xdocreport.converter.docx.xwpf-2.0.1.jar;C:\Users\Tito Salinas\.m2\repository\fr\opensagres\xdocreport\fr.opensagres.xdocreport.converter\2.0.1\fr.opensagres.xdocreport.converter-2.0.1.jar;C:\Users\Tito Salinas\.m2\repository\fr\opensagres\xdocreport\fr.opensagres.xdocreport.itext.extension\2.0.1\fr.opensagres.xdocreport.itext.extension-2.0.1.jar;C:\Users\Tito Salinas\.m2\repository\com\itextpdf\html2pdf\2.0.2\html2pdf-2.0.2.jar;C:\Users\Tito Salinas\.m2\repository\com\itextpdf\forms\7.1.2\forms-7.1.2.jar;C:\Users\Tito Salinas\.m2\repository\com\lowagie\itext\2.1.7\itext-2.1.7.jar;C:\Users\Tito Salinas\.m2\repository\org\bouncycastle\bctsp-jdk14\1.38\bctsp-jdk14-1.38.jar;C:\Users\Tito Salinas\.m2\repository\com\itextpdf\itextpdf\5.0.6\itextpdf-5.0.6.jar;C:\Users\Tito Salinas\.m2\repository\org\bouncycastle\bcmail-jdk14\1.38\bcmail-jdk14-1.38.jar;C:\Users\Tito Salinas\.m2\repository\org\bouncycastle\bcprov-jdk14\1.38\bcprov-jdk14-1.38.jar;C:\Users\Tito Salinas\.m2\repository\org\json\json\20140107\json-20140107.jar;C:\Users\Tito Salinas\.m2\repository\javassist\javassist\3.6.0.GA\javassist-3.6.0.GA.jar;C:\Users\Tito Salinas\.m2\repository\org\eclipse\jetty\orbit\javax.servlet\3.0.0.v201112011016\javax.servlet-3.0.0.v201112011016.jar;C:\Users\Tito Salinas\.m2\repository\org\samba\jcifs\jcifs\1.2.9\jcifs-1.2.9.jar;C:\Users\Tito Salinas\.m2\repository\jfree\jcommon\1.0.16\jcommon-1.0.16.jar;C:\Users\Tito Salinas\.m2\repository\net\sourceforge\jexcelapi\jxl\2.6\jxl-2.6.jar;C:\Users\Tito Salinas\.m2\repository\com\itextpdf\kernel\7.1.2\kernel-7.1.2.jar;C:\Users\Tito Salinas\.m2\repository\com\itextpdf\layout\7.1.2\layout-7.1.2.jar;C:\Users\Tito Salinas\.m2\repository\org\apache\poi\ooxml-schemas\1.1\ooxml-schemas-1.1.jar;C:\Users\Tito Salinas\.m2\repository\fr\opensagres\xdocreport\org.apache.poi.xwpf.converter.core\1.0.4\org.apache.poi.xwpf.converter.core-1.0.4.jar;C:\Users\Tito Salinas\.m2\repository\fr\opensagres\xdocreport\org.apache.poi.xwpf.converter.pdf\1.0.4\org.apache.poi.xwpf.converter.pdf-1.0.4.jar;C:\Users\Tito Salinas\.m2\repository\fr\opensagres\xdocreport\org.apache.poi.xwpf.converter.xhtml\1.0.0\org.apache.poi.xwpf.converter.xhtml-1.0.0.jar;C:\Users\Tito Salinas\.m2\repository\org\apache\poi\poi-ooxml\4.1.1\poi-ooxml-4.1.1.jar;C:\Users\Tito Salinas\.m2\repository\org\apache\commons\commons-compress\1.19\commons-compress-1.19.jar;C:\Users\Tito Salinas\.m2\repository\com\github\virtuald\curvesapi\1.06\curvesapi-1.06.jar;C:\Users\Tito Salinas\.m2\repository\org\apache\poi\poi-ooxml-schemas\3.13\poi-ooxml-schemas-3.13.jar;C:\Users\Tito Salinas\.m2\repository\org\apache\poi\poi-scratchpad\3.13\poi-scratchpad-3.13.jar;C:\Users\Tito Salinas\.m2\repository\stax\stax-api\1.0.1\stax-api-1.0.1.jar;C:\Users\Tito Salinas\.m2\repository\xml-apis\xml-apis\1.4.01\xml-apis-1.4.01.jar;C:\Users\Tito Salinas\.m2\repository\org\apache\xmlbeans\xmlbeans\3.1.0\xmlbeans-3.1.0.jar;C:\Users\Tito Salinas\.m2\repository\xerces\xmlParserAPIs\2.0.2\xmlParserAPIs-2.0.2.jar;C:\Users\Tito Salinas\.m2\repository\org\zeroturnaround\zt-exec\1.10\zt-exec-1.10.jar;C:\Users\Tito Salinas\.m2\repository\org\apache\batik\batik-gui-util\1.6.1\batik-gui-util-1.6.1.jar;C:\Users\Tito Salinas\.m2\repository\com\itextpdf\io\7.1.2\io-7.1.2.jar;C:\Users\Tito Salinas\.m2\repository\org\apache\poi\poi\4.1.1\poi-4.1.1.jar;C:\Users\Tito Salinas\.m2\repository\commons-codec\commons-codec\1.11\commons-codec-1.11.jar;C:\Users\Tito Salinas\.m2\repository\org\apache\commons\commons-collections4\4.4\commons-collections4-4.4.jar;C:\Users\Tito Salinas\.m2\repository\org\apache\commons\commons-math3\3.6.1\commons-math3-3.6.1.jar;C:\Users\Tito Salinas\.m2\repository\jasperreports\jasperreports\3.5.3\jasperreports-3.5.3.jar;C:\Users\Tito Salinas\.m2\repository\jfree\jfreechart\1.0.12\jfreechart-1.0.12.jar;C:\Users\Tito Salinas\.m2\repository\eclipse\jdtcore\3.1.0\jdtcore-3.1.0.jar;C:\Users\Tito Salinas\.m2\repository\net\sf\jasperreports\jasperreports-fonts\6.17.0\jasperreports-fonts-6.17.0.jar;C:\Users\Tito Salinas\.m2\repository\org\springframework\boot\spring-boot-starter-cache\2.0.6.RELEASE\spring-boot-starter-cache-2.0.6.RELEASE.jar;C:\Users\Tito Salinas\.m2\repository\org\springframework\boot\spring-boot-starter\2.0.6.RELEASE\spring-boot-starter-2.0.6.RELEASE.jar;C:\Users\Tito Salinas\.m2\repository\org\springframework\boot\spring-boot\2.0.6.RELEASE\spring-boot-2.0.6.RELEASE.jar;C:\Users\Tito Salinas\.m2\repository\org\springframework\boot\spring-boot-autoconfigure\2.0.6.RELEASE\spring-boot-autoconfigure-2.0.6.RELEASE.jar;C:\Users\Tito Salinas\.m2\repository\org\springframework\boot\spring-boot-starter-logging\2.0.6.RELEASE\spring-boot-starter-logging-2.0.6.RELEASE.jar;C:\Users\Tito Salinas\.m2\repository\ch\qos\logback\logback-classic\1.2.3\logback-classic-1.2.3.jar;C:\Users\Tito Salinas\.m2\repository\ch\qos\logback\logback-core\1.2.3\logback-core-1.2.3.jar;C:\Users\Tito Salinas\.m2\repository\org\apache\logging\log4j\log4j-to-slf4j\2.10.0\log4j-to-slf4j-2.10.0.jar;C:\Users\Tito Salinas\.m2\repository\org\apache\logging\log4j\log4j-api\2.10.0\log4j-api-2.10.0.jar;C:\Users\Tito Salinas\.m2\repository\org\slf4j\jul-to-slf4j\1.7.25\jul-to-slf4j-1.7.25.jar;C:\Users\Tito Salinas\.m2\repository\org\yaml\snakeyaml\1.19\snakeyaml-1.19.jar;C:\Users\Tito Salinas\.m2\repository\org\springframework\spring-context\5.0.10.RELEASE\spring-context-5.0.10.RELEASE.jar;C:\Users\Tito Salinas\.m2\repository\org\springframework\spring-expression\5.0.10.RELEASE\spring-expression-5.0.10.RELEASE.jar;C:\Users\Tito Salinas\.m2\repository\org\springframework\spring-context-support\5.0.10.RELEASE\spring-context-support-5.0.10.RELEASE.jar;C:\Users\Tito Salinas\.m2\repository\org\springframework\boot\spring-boot-starter-aop\2.0.6.RELEASE\spring-boot-starter-aop-2.0.6.RELEASE.jar;C:\Users\Tito Salinas\.m2\repository\org\springframework\spring-aop\5.0.10.RELEASE\spring-aop-5.0.10.RELEASE.jar;C:\Users\Tito Salinas\.m2\repository\org\aspectj\aspectjweaver\1.8.13\aspectjweaver-1.8.13.jar;C:\Users\Tito Salinas\.m2\repository\org\springframework\boot\spring-boot-starter-web\2.0.6.RELEASE\spring-boot-starter-web-2.0.6.RELEASE.jar;C:\Users\Tito Salinas\.m2\repository\org\springframework\boot\spring-boot-starter-json\2.0.6.RELEASE\spring-boot-starter-json-2.0.6.RELEASE.jar;C:\Users\Tito Salinas\.m2\repository\com\fasterxml\jackson\datatype\jackson-datatype-jdk8\2.9.7\jackson-datatype-jdk8-2.9.7.jar;C:\Users\Tito Salinas\.m2\repository\com\fasterxml\jackson\module\jackson-module-parameter-names\2.9.7\jackson-module-parameter-names-2.9.7.jar;C:\Users\Tito Salinas\.m2\repository\org\hibernate\validator\hibernate-validator\6.0.13.Final\hibernate-validator-6.0.13.Final.jar;C:\Users\Tito Salinas\.m2\repository\javax\validation\validation-api\2.0.1.Final\validation-api-2.0.1.Final.jar;C:\Users\Tito Salinas\.m2\repository\org\jboss\logging\jboss-logging\3.3.2.Final\jboss-logging-3.3.2.Final.jar;C:\Users\Tito Salinas\.m2\repository\org\springframework\spring-web\5.0.10.RELEASE\spring-web-5.0.10.RELEASE.jar;C:\Users\Tito Salinas\.m2\repository\org\springframework\spring-webmvc\5.0.10.RELEASE\spring-webmvc-5.0.10.RELEASE.jar;C:\Users\Tito Salinas\.m2\repository\org\springframework\boot\spring-boot-starter-jdbc\2.0.6.RELEASE\spring-boot-starter-jdbc-2.0.6.RELEASE.jar;C:\Users\Tito Salinas\.m2\repository\com\zaxxer\HikariCP\2.7.9\HikariCP-2.7.9.jar;C:\Users\Tito Salinas\.m2\repository\org\springframework\spring-jdbc\5.0.10.RELEASE\spring-jdbc-5.0.10.RELEASE.jar;C:\Users\Tito Salinas\.m2\repository\com\fasterxml\jackson\datatype\jackson-datatype-jsr310\2.9.7\jackson-datatype-jsr310-2.9.7.jar;C:\Users\Tito Salinas\.m2\repository\com\fasterxml\jackson\core\jackson-annotations\2.9.0\jackson-annotations-2.9.0.jar;C:\Users\Tito Salinas\.m2\repository\com\fasterxml\jackson\core\jackson-core\2.9.7\jackson-core-2.9.7.jar;C:\Users\Tito Salinas\.m2\repository\com\fasterxml\jackson\core\jackson-databind\2.9.7\jackson-databind-2.9.7.jar;C:\Users\Tito Salinas\.m2\repository\org\springframework\boot\spring-boot-starter-test\2.0.6.RELEASE\spring-boot-starter-test-2.0.6.RELEASE.jar;C:\Users\Tito Salinas\.m2\repository\org\springframework\boot\spring-boot-test\2.0.6.RELEASE\spring-boot-test-2.0.6.RELEASE.jar;C:\Users\Tito Salinas\.m2\repository\org\springframework\boot\spring-boot-test-autoconfigure\2.0.6.RELEASE\spring-boot-test-autoconfigure-2.0.6.RELEASE.jar;C:\Users\Tito Salinas\.m2\repository\com\jayway\jsonpath\json-path\2.4.0\json-path-2.4.0.jar;C:\Users\Tito Salinas\.m2\repository\net\minidev\json-smart\2.3\json-smart-2.3.jar;C:\Users\Tito Salinas\.m2\repository\net\minidev\accessors-smart\1.2\accessors-smart-1.2.jar;C:\Users\Tito Salinas\.m2\repository\org\ow2\asm\asm\5.0.4\asm-5.0.4.jar;C:\Users\Tito Salinas\.m2\repository\org\assertj\assertj-core\3.9.1\assertj-core-3.9.1.jar;C:\Users\Tito Salinas\.m2\repository\org\mockito\mockito-core\2.15.0\mockito-core-2.15.0.jar;C:\Users\Tito Salinas\.m2\repository\net\bytebuddy\byte-buddy\1.7.11\byte-buddy-1.7.11.jar;C:\Users\Tito Salinas\.m2\repository\net\bytebuddy\byte-buddy-agent\1.7.11\byte-buddy-agent-1.7.11.jar;C:\Users\Tito Salinas\.m2\repository\org\objenesis\objenesis\2.6\objenesis-2.6.jar;C:\Users\Tito Salinas\.m2\repository\org\hamcrest\hamcrest-core\1.3\hamcrest-core-1.3.jar;C:\Users\Tito Salinas\.m2\repository\org\hamcrest\hamcrest-library\1.3\hamcrest-library-1.3.jar;C:\Users\Tito Salinas\.m2\repository\org\skyscreamer\jsonassert\1.5.0\jsonassert-1.5.0.jar;C:\Users\Tito Salinas\.m2\repository\com\vaadin\external\google\android-json\0.0.20131108.vaadin1\android-json-0.0.20131108.vaadin1.jar;C:\Users\Tito Salinas\.m2\repository\org\springframework\spring-core\5.0.10.RELEASE\spring-core-5.0.10.RELEASE.jar;C:\Users\Tito Salinas\.m2\repository\org\springframework\spring-jcl\5.0.10.RELEASE\spring-jcl-5.0.10.RELEASE.jar;C:\Users\Tito Salinas\.m2\repository\org\springframework\spring-test\5.0.10.RELEASE\spring-test-5.0.10.RELEASE.jar;C:\Users\Tito Salinas\.m2\repository\org\xmlunit\xmlunit-core\2.5.1\xmlunit-core-2.5.1.jar;C:\Users\Tito Salinas\.m2\repository\org\springframework\boot\spring-boot-starter-hateoas\2.0.6.RELEASE\spring-boot-starter-hateoas-2.0.6.RELEASE.jar;C:\Users\Tito Salinas\.m2\repository\org\springframework\hateoas\spring-hateoas\0.25.0.RELEASE\spring-hateoas-0.25.0.RELEASE.jar;C:\Users\Tito Salinas\.m2\repository\org\springframework\plugin\spring-plugin-core\1.2.0.RELEASE\spring-plugin-core-1.2.0.RELEASE.jar;C:\Users\Tito Salinas\.m2\repository\org\springframework\boot\spring-boot-starter-actuator\2.0.6.RELEASE\spring-boot-starter-actuator-2.0.6.RELEASE.jar;C:\Users\Tito Salinas\.m2\repository\org\springframework\boot\spring-boot-actuator-autoconfigure\2.0.6.RELEASE\spring-boot-actuator-autoconfigure-2.0.6.RELEASE.jar;C:\Users\Tito Salinas\.m2\repository\org\springframework\boot\spring-boot-actuator\2.0.6.RELEASE\spring-boot-actuator-2.0.6.RELEASE.jar;C:\Users\Tito Salinas\.m2\repository\io\micrometer\micrometer-core\1.0.7\micrometer-core-1.0.7.jar;C:\Users\Tito Salinas\.m2\repository\org\hdrhistogram\HdrHistogram\2.1.10\HdrHistogram-2.1.10.jar;C:\Users\Tito Salinas\.m2\repository\org\latencyutils\LatencyUtils\2.0.3\LatencyUtils-2.0.3.jar;C:\Users\Tito Salinas\.m2\repository\org\apache\tomcat\embed\tomcat-embed-jasper\8.5.34\tomcat-embed-jasper-8.5.34.jar;C:\Users\Tito Salinas\.m2\repository\org\eclipse\jdt\ecj\3.12.3\ecj-3.12.3.jar;C:\Users\Tito Salinas\.m2\repository\net\coobird\thumbnailator\0.4.8\thumbnailator-0.4.8.jar;C:\Users\Tito Salinas\.m2\repository\com\github\slugify\slugify\2.1.9\slugify-2.1.9.jar;C:\Users\Tito Salinas\.m2\repository\joda-time\joda-time\2.9.9\joda-time-2.9.9.jar;C:\Users\Tito Salinas\.m2\repository\com\fasterxml\jackson\datatype\jackson-datatype-joda\2.9.7\jackson-datatype-joda-2.9.7.jar;C:\Users\Tito Salinas\.m2\repository\com\fasterxml\jackson\dataformat\jackson-dataformat-csv\2.9.7\jackson-dataformat-csv-2.9.7.jar;C:\Users\Tito Salinas\.m2\repository\commons-validator\commons-validator\1.6\commons-validator-1.6.jar;C:\Users\Tito Salinas\.m2\repository\commons-beanutils\commons-beanutils\1.9.2\commons-beanutils-1.9.2.jar;C:\Users\Tito Salinas\.m2\repository\commons-digester\commons-digester\1.8.1\commons-digester-1.8.1.jar;C:\Users\Tito Salinas\.m2\repository\commons-logging\commons-logging\1.2\commons-logging-1.2.jar;C:\Users\Tito Salinas\.m2\repository\commons-collections\commons-collections\3.2.2\commons-collections-3.2.2.jar;C:\Users\Tito Salinas\.m2\repository\javax\cache\cache-api\1.1.0\cache-api-1.1.0.jar;C:\Users\Tito Salinas\.m2\repository\org\ehcache\ehcache\3.5.3\ehcache-3.5.3.jar;C:\Users\Tito Salinas\.m2\repository\org\slf4j\slf4j-api\1.7.25\slf4j-api-1.7.25.jar;C:\Users\Tito Salinas\.m2\repository\javax\servlet\servlet-api\2.5\servlet-api-2.5.jar;C:\Users\Tito Salinas\.m2\repository\com\oracle\ojdbc7\12.1.0.2\ojdbc7-12.1.0.2.jar;C:\Users\Tito Salinas\.m2\repository\junit\junit\4.12\junit-4.12.jar;C:\Users\Tito Salinas\.m2\repository\commons-io\commons-io\2.5\commons-io-2.5.jar;C:\Users\Tito Salinas\.m2\repository\org\springframework\data\spring-data-oracle\1.2.1.RELEASE\spring-data-oracle-1.2.1.RELEASE.jar;C:\Users\Tito Salinas\.m2\repository\org\springframework\data\spring-data-jdbc-core\1.2.1.RELEASE\spring-data-jdbc-core-1.2.1.RELEASE.jar;C:\Users\Tito Salinas\.m2\repository\org\springframework\spring-tx\5.0.10.RELEASE\spring-tx-5.0.10.RELEASE.jar;C:\Users\Tito Salinas\.m2\repository\org\springframework\spring-beans\5.0.10.RELEASE\spring-beans-5.0.10.RELEASE.jar;C:\Users\Tito Salinas\.m2\repository\org\springframework\retry\spring-retry\1.2.2.RELEASE\spring-retry-1.2.2.RELEASE.jar;C:\Users\Tito Salinas\.m2\repository\log4j\log4j\1.2.17\log4j-1.2.17.jar;C:\Users\Tito Salinas\.m2\repository\org\projectlombok\lombok\1.16.22\lombok-1.16.22.jar;C:\Users\Tito Salinas\.m2\repository\org\apache\commons\commons-lang3\3.5\commons-lang3-3.5.jar;C:\Users\Tito Salinas\.m2\repository\io\springfox\springfox-swagger2\2.9.2\springfox-swagger2-2.9.2.jar;C:\Users\Tito Salinas\.m2\repository\io\swagger\swagger-annotations\1.5.20\swagger-annotations-1.5.20.jar;C:\Users\Tito Salinas\.m2\repository\io\swagger\swagger-models\1.5.20\swagger-models-1.5.20.jar;C:\Users\Tito Salinas\.m2\repository\io\springfox\springfox-spi\2.9.2\springfox-spi-2.9.2.jar;C:\Users\Tito Salinas\.m2\repository\io\springfox\springfox-core\2.9.2\springfox-core-2.9.2.jar;C:\Users\Tito Salinas\.m2\repository\io\springfox\springfox-schema\2.9.2\springfox-schema-2.9.2.jar;C:\Users\Tito Salinas\.m2\repository\io\springfox\springfox-swagger-common\2.9.2\springfox-swagger-common-2.9.2.jar;C:\Users\Tito Salinas\.m2\repository\io\springfox\springfox-spring-web\2.9.2\springfox-spring-web-2.9.2.jar;C:\Users\Tito Salinas\.m2\repository\com\google\guava\guava\20.0\guava-20.0.jar;C:\Users\Tito Salinas\.m2\repository\com\fasterxml\classmate\1.3.4\classmate-1.3.4.jar;C:\Users\Tito Salinas\.m2\repository\org\springframework\plugin\spring-plugin-metadata\1.2.0.RELEASE\spring-plugin-metadata-1.2.0.RELEASE.jar;C:\Users\Tito Salinas\.m2\repository\org\mapstruct\mapstruct\1.2.0.Final\mapstruct-1.2.0.Final.jar;C:\Users\Tito Salinas\.m2\repository\io\jsonwebtoken\jjwt\0.9.1\jjwt-0.9.1.jar;C:\Users\Tito Salinas\.m2\repository\com\google\code\gson\gson\2.8.5\gson-2.8.5.jar;C:\Users\Tito Salinas\.m2\repository\javax\javaee-api\7.0\javaee-api-7.0.jar;C:\Users\Tito Salinas\.m2\repository\com\sun\mail\javax.mail\1.6.2\javax.mail-1.6.2.jar;C:\Users\Tito Salinas\.m2\repository\javax\activation\activation\1.1\activation-1.1.jar;C:\Users\Tito Salinas\.m2\repository\pe\gob\indecopi\libComponentesCMIS\1.0.0.0\libComponentesCMIS-1.0.0.0-classes.jar;C:\Users\Tito Salinas\.m2\repository\org\apache\chemistry\opencmis\chemistry-opencmis-commons-impl\0.11.0\chemistry-opencmis-commons-impl-0.11.0.jar;C:\Users\Tito Salinas\.m2\repository\org\codehaus\woodstox\woodstox-core-asl\4.2.0\woodstox-core-asl-4.2.0.jar;C:\Users\Tito Salinas\.m2\repository\javax\xml\stream\stax-api\1.0-2\stax-api-1.0-2.jar;C:\Users\Tito Salinas\.m2\repository\org\codehaus\woodstox\stax2-api\3.1.1\stax2-api-3.1.1.jar;C:\Users\Tito Salinas\.m2\repository\org\jvnet\mimepull\mimepull\1.9.4\mimepull-1.9.4.jar;C:\Users\Tito Salinas\.m2\repository\com\sun\xml\ws\jaxws-rt\2.1.7\jaxws-rt-2.1.7.jar;C:\Users\Tito Salinas\.m2\repository\javax\xml\ws\jaxws-api\2.1\jaxws-api-2.1.jar;C:\Users\Tito Salinas\.m2\repository\javax\xml\bind\jaxb-api\2.3.1\jaxb-api-2.3.1.jar;C:\Users\Tito Salinas\.m2\repository\javax\activation\javax.activation-api\1.2.0\javax.activation-api-1.2.0.jar;C:\Users\Tito Salinas\.m2\repository\com\sun\xml\bind\jaxb-impl\2.1.11\jaxb-impl-2.1.11.jar;C:\Users\Tito Salinas\.m2\repository\com\sun\xml\messaging\saaj\saaj-impl\1.3.3\saaj-impl-1.3.3.jar;C:\Users\Tito Salinas\.m2\repository\javax\xml\soap\saaj-api\1.3\saaj-api-1.3.jar;C:\Users\Tito Salinas\.m2\repository\com\sun\xml\stream\buffer\streambuffer\0.9\streambuffer-0.9.jar;C:\Users\Tito Salinas\.m2\repository\org\jvnet\staxex\stax-ex\1.2\stax-ex-1.2.jar;C:\Users\Tito Salinas\.m2\repository\com\sun\org\apache\xml\internal\resolver\20050927\resolver-20050927.jar;C:\Users\Tito Salinas\.m2\repository\org\apache\chemistry\opencmis\chemistry-opencmis-commons-api\0.11.0\chemistry-opencmis-commons-api-0.11.0.jar;C:\Users\Tito Salinas\.m2\repository\org\apache\chemistry\opencmis\chemistry-opencmis-client-impl\0.11.0\chemistry-opencmis-client-impl-0.11.0.jar;C:\Users\Tito Salinas\.m2\repository\org\apache\chemistry\opencmis\chemistry-opencmis-client-bindings\0.11.0\chemistry-opencmis-client-bindings-0.11.0.jar;C:\Users\Tito Salinas\.m2\repository\org\alfresco\alfresco-web-service-client\4.0.d\alfresco-web-service-client-4.0.d.jar;"/>
    <property name="sun.cpu.endian" value="little"/>
    <property name="user.home" value="C:\Users\Tito Salinas"/>
    <property name="user.language" value="es"/>
    <property name="java.specification.vendor" value="Oracle Corporation"/>
    <property name="java.home" value="C:\Program Files\Java\jdk1.8.0_281\jre"/>
    <property name="basedir" value="D:\2022\INDECOPI\SPRING\appDSDExpCons"/>
    <property name="style.color" value="always"/>
    <property name="file.separator" value="\"/>
    <property name="line.separator" value="&#10;"/>
    <property name="java.vm.specification.vendor" value="Oracle Corporation"/>
    <property name="java.specification.name" value="Java Platform API Specification"/>
    <property name="java.awt.graphicsenv" value="sun.awt.Win32GraphicsEnvironment"/>
    <property name="surefire.real.class.path" value="C:\Users\TITOSA~1\AppData\Local\Temp\surefire427525676621426560\surefirebooter6252385688596171699.jar"/>
    <property name="sun.boot.class.path" value="C:\Program Files\Java\jdk1.8.0_281\jre\lib\resources.jar;C:\Program Files\Java\jdk1.8.0_281\jre\lib\rt.jar;C:\Program Files\Java\jdk1.8.0_281\jre\lib\sunrsasign.jar;C:\Program Files\Java\jdk1.8.0_281\jre\lib\jsse.jar;C:\Program Files\Java\jdk1.8.0_281\jre\lib\jce.jar;C:\Program Files\Java\jdk1.8.0_281\jre\lib\charsets.jar;C:\Program Files\Java\jdk1.8.0_281\jre\lib\jfr.jar;C:\Program Files\Java\jdk1.8.0_281\jre\classes"/>
    <property name="user.script" value=""/>
    <property name="sun.management.compiler" value="HotSpot 64-Bit Tiered Compilers"/>
    <property name="java.runtime.version" value="1.8.0_281-b09"/>
    <property name="user.name" value="Tito Salinas"/>
    <property name="path.separator" value=";"/>
    <property name="os.version" value="10.0"/>
    <property name="java.endorsed.dirs" value="C:\Program Files\Java\jdk1.8.0_281\jre\lib\endorsed"/>
    <property name="java.runtime.name" value="Java(TM) SE Runtime Environment"/>
    <property name="file.encoding" value="Cp1252"/>
    <property name="java.vm.name" value="Java HotSpot(TM) 64-Bit Server VM"/>
    <property name="localRepository" value="C:\Users\Tito Salinas\.m2\repository"/>
    <property name="java.vendor.url.bug" value="http://bugreport.sun.com/bugreport/"/>
    <property name="java.io.tmpdir" value="C:\Users\TITOSA~1\AppData\Local\Temp\"/>
    <property name="java.version" value="1.8.0_281"/>
    <property name="user.dir" value="D:\2022\INDECOPI\SPRING\appDSDExpCons"/>
    <property name="os.arch" value="amd64"/>
    <property name="java.vm.specification.name" value="Java Virtual Machine Specification"/>
    <property name="java.awt.printerjob" value="sun.awt.windows.WPrinterJob"/>
    <property name="sun.os.patch.level" value=""/>
    <property name="java.library.path" value="C:\Program Files\Java\jdk1.8.0_281\jre\bin;C:\WINDOWS\Sun\Java\bin;C:\WINDOWS\system32;C:\WINDOWS;C:/sts-4.9.0.RELEASE//plugins/org.eclipse.justj.openjdk.hotspot.jre.full.win32.x86_64_15.0.1.v20201027-0507/jre/bin/server;C:/sts-4.9.0.RELEASE//plugins/org.eclipse.justj.openjdk.hotspot.jre.full.win32.x86_64_15.0.1.v20201027-0507/jre/bin;C:\Oracle\product\11.2.0\client_1\bin;C:\Oracle\product\11.2.0\client_1;C:\Program Files (x86)\Common Files\Oracle\Java\javapath;C:\WINDOWS\system32;C:\WINDOWS;C:\WINDOWS\System32\Wbem;C:\WINDOWS\System32\WindowsPowerShell\v1.0\;C:\WINDOWS\System32\OpenSSH\;C:\Program Files\Rational\common;C:\Program Files (x86)\Rational\common;C:\Program Files\nodejs\;C:\Program Files\Git\cmd;C:\apache-maven-3.6.3\bin;E:\Jetty;C:\Program Files\TortoiseSVN\bin;C:\Program Files\PuTTY\;C:\Oracle\Middleware\Oracle_Home\wlserver\common\bin;C:\Console;C:\Program Files (x86)\OpenOffice 4\program;C:\Program Files\Java\jdk1.8.0_281\bin;C:\Program Files\MySQL\MySQL Shell 8.0\bin\;C:\Users\Tito Salinas\AppData\Local\Microsoft\WindowsApps;;C:\Users\Tito Salinas\AppData\Local\Programs\Microsoft VS Code\bin;C:\Users\Tito Salinas\AppData\Roaming\npm;C:\sts-4.9.0.RELEASE;;."/>
    <property name="java.vm.info" value="mixed mode"/>
    <property name="java.vendor" value="Oracle Corporation"/>
    <property name="java.vm.version" value="25.281-b09"/>
    <property name="java.ext.dirs" value="C:\Program Files\Java\jdk1.8.0_281\jre\lib\ext;C:\WINDOWS\Sun\Java\lib\ext"/>
    <property name="sun.io.unicode.encoding" value="UnicodeLittle"/>
    <property name="java.class.version" value="52.0"/>
  </properties>
  <testcase name="shouldAnswerWithTrue" classname="pe.gob.indecopi.appDSDRegMarcas.AppTest" time="0.004"/>
</testsuite>